[M::bwa_idx_load_from_disk] read 0 ALT contigs
[M::process] read 100000 sequences (10000000 bp)...
[M::process] read 100000 sequences (10000000 bp)...
[M::mem_pestat] # candidate unique pairs for (FF, FR, RF, RR): (0, 49757, 0, 0)
[M::mem_pestat] skip orientation FF as there are not enough pairs
[M::mem_pestat] analyzing insert size distribution for orientation FR...
[M::mem_pestat] (25, 50, 75) percentile: (292, 299, 306)
[M::mem_pestat] low and high boundaries for computing mean and std.dev: (264, 334)
[M::mem_pestat] mean and std.dev: (298.99, 9.98)
[M::mem_pestat] low and high boundaries for proper pairs: (250, 348)
[M::mem_pestat] skip orientation RF as there are not enough pairs
[M::mem_pestat] skip orientation RR as there are not enough pairs
[M::mem_process_seqs] Processed 100000 reads in 2.877 CPU sec, 2.763 real sec
[M::process] read 100000 sequences (10000000 bp)...
[M::mem_pestat] # candidate unique pairs for (FF, FR, RF, RR): (0, 49473, 0, 0)
[M::mem_pestat] skip orientation FF as there are not enough pairs
[M::mem_pestat] analyzing insert size distribution for orientation FR...
[M::mem_pestat] (25, 50, 75) percentile: (292, 299, 306)
[M::mem_pestat] low and high boundaries for computing mean and std.dev: (264, 334)
[M::mem_pestat] mean and std.dev: (299.07, 9.99)
[M::mem_pestat] low and high boundaries for proper pairs: (250, 348)
[M::mem_pestat] skip orientation RF as there are not enough pairs
[M::mem_pestat] skip orientation RR as there are not enough pairs
[M::mem_process_seqs] Processed 100000 reads in 2.990 CPU sec, 2.793 real sec
[M::process] read 100000 sequences (10000000 bp)...
[M::mem_pestat] # candidate unique pairs for (FF, FR, RF, RR): (0, 49097, 0, 0)
[M::mem_pestat] skip orientation FF as there are not enough pairs
[M::mem_pestat] analyzing insert size distribution for orientation FR...
[M::mem_pestat] (25, 50, 75) percentile: (292, 299, 306)
[M::mem_pestat] low and high boundaries for computing mean and std.dev: (264, 334)
[M::mem_pestat] mean and std.dev: (299.00, 9.98)
[M::mem_pestat] low and high boundaries for proper pairs: (250, 348)
[M::mem_pestat] skip orientation RF as there are not enough pairs
[M::mem_pestat] skip orientation RR as there are not enough pairs
[M::mem_process_seqs] Processed 100000 reads in 2.940 CPU sec, 2.737 real sec
[M::process] read 100000 sequences (10000000 bp)...
[M::mem_pestat] # candidate unique pairs for (FF, FR, RF, RR): (0, 49114, 0, 0)
[M::mem_pestat] skip orientation FF as there are not enough pairs
[M::mem_pestat] analyzing insert size distribution for orientation FR...
[M::mem_pestat] (25, 50, 75) percentile: (292, 299, 306)
[M::mem_pestat] low and high boundaries for computing mean and std.dev: (264, 334)
[M::mem_pestat] mean and std.dev: (298.95, 9.99)
[M::mem_pestat] low and high boundaries for proper pairs: (250, 348)
[M::mem_pestat] skip orientation RF as there are not enough pairs
[M::mem_pestat] skip orientation RR as there are not enough pairs
[M::mem_process_seqs] Processed 100000 reads in 3.031 CPU sec, 2.871 real sec
[M::process] read 77484 sequences (7748400 bp)...
[M::mem_pestat] # candidate unique pairs for (FF, FR, RF, RR): (0, 48704, 57, 0)
[M::mem_pestat] skip orientation FF as there are not enough pairs
[M::mem_pestat] analyzing insert size distribution for orientation FR...
[M::mem_pestat] (25, 50, 75) percentile: (292, 299, 306)
[M::mem_pestat] low and high boundaries for computing mean and std.dev: (264, 334)
[M::mem_pestat] mean and std.dev: (298.99, 9.97)
[M::mem_pestat] low and high boundaries for proper pairs: (250, 348)
[M::mem_pestat] analyzing insert size distribution for orientation RF...
[M::mem_pestat] (25, 50, 75) percentile: (1194, 1198, 1206)
[M::mem_pestat] low and high boundaries for computing mean and std.dev: (1170, 1230)
[M::mem_pestat] mean and std.dev: (1199.14, 8.67)
[M::mem_pestat] low and high boundaries for proper pairs: (1158, 1242)
[M::mem_pestat] skip orientation RR as there are not enough pairs
[M::mem_pestat] skip orientation RF
[M::mem_process_seqs] Processed 100000 reads in 3.014 CPU sec, 2.831 real sec
[M::mem_pestat] # candidate unique pairs for (FF, FR, RF, RR): (0, 38499, 0, 0)
[M::mem_pestat] skip orientation FF as there are not enough pairs
[M::mem_pestat] analyzing insert size distribution for orientation FR...
[M::mem_pestat] (25, 50, 75) percentile: (292, 299, 306)
[M::mem_pestat] low and high boundaries for computing mean and std.dev: (264, 334)
[M::mem_pestat] mean and std.dev: (298.99, 9.93)
[M::mem_pestat] low and high boundaries for proper pairs: (250, 348)
[M::mem_pestat] skip orientation RF as there are not enough pairs
[M::mem_pestat] skip orientation RR as there are not enough pairs
[M::mem_process_seqs] Processed 77484 reads in 2.286 CPU sec, 2.192 real sec
[main] Version: 0.7.17-r1188
[main] CMD: bwa mem genome.fasta RNAseq/normal01.r1.fq.gz RNAseq/normal01.r2.fq.gz
[main] Real time: 16.523 sec; CPU: 17.336 sec
